<?xml version="1.0" encoding="UTF-8"?>
<testng-results ignored="0" total="2" passed="2" failed="0" skipped="0">
  <reporter-output>
  </reporter-output>
  <suite started-at="2024-08-15T17:52:38 EEST" name="Default suite" finished-at="2024-08-15T17:52:41 EEST" duration-ms="3054">
    <groups>
    </groups>
    <test started-at="2024-08-15T17:52:38 EEST" name="Default test" finished-at="2024-08-15T17:52:41 EEST" duration-ms="3054">
      <class name="tests.GetAndPostExamples">
        <test-method signature="testGet()[pri:0, instance:tests.GetAndPostExamples@49139829]" started-at="2024-08-15T17:52:38 EEST" name="testGet" finished-at="2024-08-15T17:52:41 EEST" duration-ms="2570" status="PASS">
          <reporter-output>
          </reporter-output>
        </test-method> <!-- testGet -->
        <test-method signature="testPost()[pri:0, instance:tests.GetAndPostExamples@49139829]" started-at="2024-08-15T17:52:41 EEST" name="testPost" finished-at="2024-08-15T17:52:41 EEST" duration-ms="437" status="PASS">
          <reporter-output>
          </reporter-output>
        </test-method> <!-- testPost -->
      </class> <!-- tests.GetAndPostExamples -->
    </test> <!-- Default test -->
  </suite> <!-- Default suite -->
</testng-results>
