<?xml version="1.0" encoding="UTF-8"?>
<testng-results ignored="0" total="1" passed="1" failed="0" skipped="0">
  <reporter-output>
  </reporter-output>
  <suite started-at="2024-08-15T20:51:28 EEST" name="Default suite" finished-at="2024-08-15T20:51:31 EEST" duration-ms="3207">
    <groups>
    </groups>
    <test started-at="2024-08-15T20:51:28 EEST" name="Default test" finished-at="2024-08-15T20:51:31 EEST" duration-ms="3207">
      <class name="tests.SoapXMLRequest">
        <test-method signature="validateSoapXML()[pri:0, instance:tests.SoapXMLRequest@2a4fb17b]" started-at="2024-08-15T20:51:28 EEST" name="validateSoapXML" finished-at="2024-08-15T20:51:31 EEST" duration-ms="3146" status="PASS">
          <reporter-output>
          </reporter-output>
        </test-method> <!-- validateSoapXML -->
      </class> <!-- tests.SoapXMLRequest -->
    </test> <!-- Default test -->
  </suite> <!-- Default suite -->
</testng-results>
